# JRE version: Java(TM) SE Runtime Environment (8.0_231-b11) (build 1.8.0_231-b11)
# Java VM: Java HotSpot(TM) 64-Bit Server VM (25.231-b11 mixed mode windows-amd64 compressed oops)
Heap:
 PSYoungGen      total 77312K, used 3952K [0x0000000780980000, 0x0000000785f00000, 0x00000007c0000000)
  eden space 67072K, 5% used [0x0000000780980000,0x0000000780d5c208,0x0000000784b00000)
  from space 10240K, 0% used [0x0000000784b00000,0x0000000784b00000,0x0000000785500000)
  to   space 7680K, 0% used [0x0000000785780000,0x0000000785780000,0x0000000785f00000)
 ParOldGen       total 82944K, used 18073K [0x0000000701c00000, 0x0000000706d00000, 0x0000000780980000)
  object space 82944K, 21% used [0x0000000701c00000,0x0000000702da6408,0x0000000706d00000)
 Metaspace       used 37027K, capacity 38906K, committed 39168K, reserved 1087488K
  class space    used 5161K, capacity 5511K, committed 5632K, reserved 1048576K
GC Heap History (10 events):
Event: 6.437 GC heap before
{Heap before GC invocations=10 (full 1):
 PSYoungGen      total 74752K, used 73953K [0x0000000780980000, 0x0000000785f00000, 0x00000007c0000000)
  eden space 67072K, 100% used [0x0000000780980000,0x0000000784b00000,0x0000000784b00000)
  from space 7680K, 89% used [0x0000000785780000,0x0000000785e38798,0x0000000785f00000)
  to   space 10240K, 0% used [0x0000000784b00000,0x0000000784b00000,0x0000000785500000)
 ParOldGen       total 82944K, used 10414K [0x0000000701c00000, 0x0000000706d00000, 0x0000000780980000)
  object space 82944K, 12% used [0x0000000701c00000,0x000000070262b9a8,0x0000000706d00000)
 Metaspace       used 33119K, capacity 34862K, committed 34944K, reserved 1079296K
  class space    used 4612K, capacity 4939K, committed 4992K, reserved 1048576K
Event: 6.447 GC heap after
Heap after GC invocations=10 (full 1):
 PSYoungGen      total 77312K, used 10228K [0x0000000780980000, 0x0000000785f00000, 0x00000007c0000000)
  eden space 67072K, 0% used [0x0000000780980000,0x0000000780980000,0x0000000784b00000)
  from space 10240K, 99% used [0x0000000784b00000,0x00000007854fd358,0x0000000785500000)
  to   space 7680K, 0% used [0x0000000785780000,0x0000000785780000,0x0000000785f00000)
 ParOldGen       total 82944K, used 11429K [0x0000000701c00000, 0x0000000706d00000, 0x0000000780980000)
  object space 82944K, 13% used [0x0000000701c00000,0x0000000702729600,0x0000000706d00000)
 Metaspace       used 33119K, capacity 34862K, committed 34944K, reserved 1079296K
  class space    used 4612K, capacity 4939K, committed 4992K, reserved 1048576K
}
Event: 6.500 GC heap before
{Heap before GC invocations=11 (full 1):
 PSYoungGen      total 77312K, used 14113K [0x0000000780980000, 0x0000000785f00000, 0x00000007c0000000)
  eden space 67072K, 5% used [0x0000000780980000,0x0000000780d4b0e8,0x0000000784b00000)
  from space 10240K, 99% used [0x0000000784b00000,0x00000007854fd358,0x0000000785500000)
  to   space 7680K, 0% used [0x0000000785780000,0x0000000785780000,0x0000000785f00000)
 ParOldGen       total 82944K, used 11429K [0x0000000701c00000, 0x0000000706d00000, 0x0000000780980000)
  object space 82944K, 13% used [0x0000000701c00000,0x0000000702729600,0x0000000706d00000)
 Metaspace       used 33649K, capacity 35388K, committed 35496K, reserved 1079296K
  class space    used 4735K, capacity 5074K, committed 5120K, reserved 1048576K
Event: 6.506 GC heap after
Heap after GC invocations=11 (full 1):
 PSYoungGen      total 74752K, used 7671K [0x0000000780980000, 0x0000000785f00000, 0x00000007c0000000)
  eden space 67072K, 0% used [0x0000000780980000,0x0000000780980000,0x0000000784b00000)
  from space 7680K, 99% used [0x0000000785780000,0x0000000785efdf40,0x0000000785f00000)
  to   space 10240K, 0% used [0x0000000784b00000,0x0000000784b00000,0x0000000785500000)
 ParOldGen       total 82944K, used 11798K [0x0000000701c00000, 0x0000000706d00000, 0x0000000780980000)
  object space 82944K, 14% used [0x0000000701c00000,0x0000000702785b00,0x0000000706d00000)
 Metaspace       used 33649K, capacity 35388K, committed 35496K, reserved 1079296K
  class space    used 4735K, capacity 5074K, committed 5120K, reserved 1048576K
}
Event: 6.506 GC heap before
{Heap before GC invocations=12 (full 2):
 PSYoungGen      total 74752K, used 7671K [0x0000000780980000, 0x0000000785f00000, 0x00000007c0000000)
  eden space 67072K, 0% used [0x0000000780980000,0x0000000780980000,0x0000000784b00000)
  from space 7680K, 99% used [0x0000000785780000,0x0000000785efdf40,0x0000000785f00000)
  to   space 10240K, 0% used [0x0000000784b00000,0x0000000784b00000,0x0000000785500000)
 ParOldGen       total 82944K, used 11798K [0x0000000701c00000, 0x0000000706d00000, 0x0000000780980000)
  object space 82944K, 14% used [0x0000000701c00000,0x0000000702785b00,0x0000000706d00000)
 Metaspace       used 33649K, capacity 35388K, committed 35496K, reserved 1079296K
  class space    used 4735K, capacity 5074K, committed 5120K, reserved 1048576K
Event: 6.577 GC heap after
Heap after GC invocations=12 (full 2):
 PSYoungGen      total 74752K, used 0K [0x0000000780980000, 0x0000000785f00000, 0x00000007c0000000)
  eden space 67072K, 0% used [0x0000000780980000,0x0000000780980000,0x0000000784b00000)
  from space 7680K, 0% used [0x0000000785780000,0x0000000785780000,0x0000000785f00000)
  to   space 10240K, 0% used [0x0000000784b00000,0x0000000784b00000,0x0000000785500000)
 ParOldGen       total 82944K, used 14476K [0x0000000701c00000, 0x0000000706d00000, 0x0000000780980000)
  object space 82944K, 17% used [0x0000000701c00000,0x0000000702a23218,0x0000000706d00000)
 Metaspace       used 33649K, capacity 35388K, committed 35496K, reserved 1079296K
  class space    used 4735K, capacity 5074K, committed 5120K, reserved 1048576K
}
Event: 6.898 GC heap before
{Heap before GC invocations=13 (full 2):
 PSYoungGen      total 74752K, used 24005K [0x0000000780980000, 0x0000000785f00000, 0x00000007c0000000)
  eden space 67072K, 35% used [0x0000000780980000,0x00000007820f1638,0x0000000784b00000)
  from space 7680K, 0% used [0x0000000785780000,0x0000000785780000,0x0000000785f00000)
  to   space 10240K, 0% used [0x0000000784b00000,0x0000000784b00000,0x0000000785500000)
 ParOldGen       total 82944K, used 14476K [0x0000000701c00000, 0x0000000706d00000, 0x0000000780980000)
  object space 82944K, 17% used [0x0000000701c00000,0x0000000702a23218,0x0000000706d00000)
 Metaspace       used 36828K, capacity 38710K, committed 38912K, reserved 1087488K
  class space    used 5135K, capacity 5509K, committed 5632K, reserved 1048576K
Event: 6.901 GC heap after
Heap after GC invocations=13 (full 2):
 PSYoungGen      total 77312K, used 4262K [0x0000000780980000, 0x0000000785f00000, 0x00000007c0000000)
  eden space 67072K, 0% used [0x0000000780980000,0x0000000780980000,0x0000000784b00000)
  from space 10240K, 41% used [0x0000000784b00000,0x0000000784f29bc8,0x0000000785500000)
  to   space 7680K, 0% used [0x0000000785780000,0x0000000785780000,0x0000000785f00000)
 ParOldGen       total 82944K, used 14484K [0x0000000701c00000, 0x0000000706d00000, 0x0000000780980000)
  object space 82944K, 17% used [0x0000000701c00000,0x0000000702a25218,0x0000000706d00000)
 Metaspace       used 36828K, capacity 38710K, committed 38912K, reserved 1087488K
  class space    used 5135K, capacity 5509K, committed 5632K, reserved 1048576K
}
Event: 6.901 GC heap before
{Heap before GC invocations=14 (full 3):
 PSYoungGen      total 77312K, used 4262K [0x0000000780980000, 0x0000000785f00000, 0x00000007c0000000)
  eden space 67072K, 0% used [0x0000000780980000,0x0000000780980000,0x0000000784b00000)
  from space 10240K, 41% used [0x0000000784b00000,0x0000000784f29bc8,0x0000000785500000)
  to   space 7680K, 0% used [0x0000000785780000,0x0000000785780000,0x0000000785f00000)
 ParOldGen       total 82944K, used 14484K [0x0000000701c00000, 0x0000000706d00000, 0x0000000780980000)
  object space 82944K, 17% used [0x0000000701c00000,0x0000000702a25218,0x0000000706d00000)
 Metaspace       used 36828K, capacity 38710K, committed 38912K, reserved 1087488K
  class space    used 5135K, capacity 5509K, committed 5632K, reserved 1048576K
Event: 7.013 GC heap after
Heap after GC invocations=14 (full 3):
 PSYoungGen      total 77312K, used 0K [0x0000000780980000, 0x0000000785f00000, 0x00000007c0000000)
  eden space 67072K, 0% used [0x0000000780980000,0x0000000780980000,0x0000000784b00000)
  from space 10240K, 0% used [0x0000000784b00000,0x0000000784b00000,0x0000000785500000)
  to   space 7680K, 0% used [0x0000000785780000,0x0000000785780000,0x0000000785f00000)
 ParOldGen       total 82944K, used 18073K [0x0000000701c00000, 0x0000000706d00000, 0x0000000780980000)
  object space 82944K, 21% used [0x0000000701c00000,0x0000000702da6408,0x0000000706d00000)
 Metaspace       used 36828K, capacity 38710K, committed 38912K, reserved 1085440K
  class space    used 5135K, capacity 5509K, committed 5632K, reserved 1048576K
}

