# JRE version: Java(TM) SE Runtime Environment (8.0_231-b11) (build 1.8.0_231-b11)
# Java VM: Java HotSpot(TM) 64-Bit Server VM (25.231-b11 mixed mode windows-amd64 compressed oops)
Heap:
 PSYoungGen      total 57344K, used 13180K [0x0000000780980000, 0x0000000784980000, 0x00000007c0000000)
  eden space 49152K, 10% used [0x0000000780980000,0x0000000780e67018,0x0000000783980000)
  from space 8192K, 99% used [0x0000000784180000,0x0000000784978020,0x0000000784980000)
  to   space 8192K, 0% used [0x0000000783980000,0x0000000783980000,0x0000000784180000)
 ParOldGen       total 131072K, used 20850K [0x0000000701c00000, 0x0000000709c00000, 0x0000000780980000)
  object space 131072K, 15% used [0x0000000701c00000,0x000000070305c9b0,0x0000000709c00000)
 Metaspace       used 20533K, capacity 21138K, committed 21296K, reserved 1069056K
  class space    used 2377K, capacity 2589K, committed 2608K, reserved 1048576K
GC Heap History (10 events):
Event: 4.434 GC heap before
{Heap before GC invocations=2 (full 0):
 PSYoungGen      total 57344K, used 56724K [0x0000000780980000, 0x0000000784980000, 0x00000007c0000000)
  eden space 49152K, 100% used [0x0000000780980000,0x0000000783980000,0x0000000783980000)
  from space 8192K, 92% used [0x0000000783980000,0x00000007840e5090,0x0000000784180000)
  to   space 8192K, 0% used [0x0000000784180000,0x0000000784180000,0x0000000784980000)
 ParOldGen       total 131072K, used 16K [0x0000000701c00000, 0x0000000709c00000, 0x0000000780980000)
  object space 131072K, 0% used [0x0000000701c00000,0x0000000701c04000,0x0000000709c00000)
 Metaspace       used 15283K, capacity 15604K, committed 15872K, reserved 1062912K
  class space    used 1835K, capacity 1944K, committed 2048K, reserved 1048576K
Event: 4.447 GC heap after
Heap after GC invocations=2 (full 0):
 PSYoungGen      total 57344K, used 8180K [0x0000000780980000, 0x0000000784980000, 0x00000007c0000000)
  eden space 49152K, 0% used [0x0000000780980000,0x0000000780980000,0x0000000783980000)
  from space 8192K, 99% used [0x0000000784180000,0x000000078497d310,0x0000000784980000)
  to   space 8192K, 0% used [0x0000000783980000,0x0000000783980000,0x0000000784180000)
 ParOldGen       total 131072K, used 2750K [0x0000000701c00000, 0x0000000709c00000, 0x0000000780980000)
  object space 131072K, 2% used [0x0000000701c00000,0x0000000701eafae8,0x0000000709c00000)
 Metaspace       used 15283K, capacity 15604K, committed 15872K, reserved 1062912K
  class space    used 1835K, capacity 1944K, committed 2048K, reserved 1048576K
}
Event: 5.379 GC heap before
{Heap before GC invocations=3 (full 0):
 PSYoungGen      total 57344K, used 57332K [0x0000000780980000, 0x0000000784980000, 0x00000007c0000000)
  eden space 49152K, 100% used [0x0000000780980000,0x0000000783980000,0x0000000783980000)
  from space 8192K, 99% used [0x0000000784180000,0x000000078497d310,0x0000000784980000)
  to   space 8192K, 0% used [0x0000000783980000,0x0000000783980000,0x0000000784180000)
 ParOldGen       total 131072K, used 2750K [0x0000000701c00000, 0x0000000709c00000, 0x0000000780980000)
  object space 131072K, 2% used [0x0000000701c00000,0x0000000701eafae8,0x0000000709c00000)
 Metaspace       used 15787K, capacity 16038K, committed 16128K, reserved 1062912K
  class space    used 1869K, capacity 1979K, committed 2048K, reserved 1048576K
Event: 5.399 GC heap after
Heap after GC invocations=3 (full 0):
 PSYoungGen      total 57344K, used 8160K [0x0000000780980000, 0x0000000784980000, 0x00000007c0000000)
  eden space 49152K, 0% used [0x0000000780980000,0x0000000780980000,0x0000000783980000)
  from space 8192K, 99% used [0x0000000783980000,0x0000000784178020,0x0000000784180000)
  to   space 8192K, 0% used [0x0000000784180000,0x0000000784180000,0x0000000784980000)
 ParOldGen       total 131072K, used 7929K [0x0000000701c00000, 0x0000000709c00000, 0x0000000780980000)
  object space 131072K, 6% used [0x0000000701c00000,0x00000007023be580,0x0000000709c00000)
 Metaspace       used 15787K, capacity 16038K, committed 16128K, reserved 1062912K
  class space    used 1869K, capacity 1979K, committed 2048K, reserved 1048576K
}
Event: 6.645 GC heap before
{Heap before GC invocations=4 (full 0):
 PSYoungGen      total 57344K, used 57312K [0x0000000780980000, 0x0000000784980000, 0x00000007c0000000)
  eden space 49152K, 100% used [0x0000000780980000,0x0000000783980000,0x0000000783980000)
  from space 8192K, 99% used [0x0000000783980000,0x0000000784178020,0x0000000784180000)
  to   space 8192K, 0% used [0x0000000784180000,0x0000000784180000,0x0000000784980000)
 ParOldGen       total 131072K, used 7929K [0x0000000701c00000, 0x0000000709c00000, 0x0000000780980000)
  object space 131072K, 6% used [0x0000000701c00000,0x00000007023be580,0x0000000709c00000)
 Metaspace       used 16413K, capacity 16696K, committed 16896K, reserved 1064960K
  class space    used 1895K, capacity 1982K, committed 2048K, reserved 1048576K
Event: 6.660 GC heap after
Heap after GC invocations=4 (full 0):
 PSYoungGen      total 57344K, used 8176K [0x0000000780980000, 0x0000000784980000, 0x00000007c0000000)
  eden space 49152K, 0% used [0x0000000780980000,0x0000000780980000,0x0000000783980000)
  from space 8192K, 99% used [0x0000000784180000,0x000000078497c050,0x0000000784980000)
  to   space 8192K, 0% used [0x0000000783980000,0x0000000783980000,0x0000000784180000)
 ParOldGen       total 131072K, used 13125K [0x0000000701c00000, 0x0000000709c00000, 0x0000000780980000)
  object space 131072K, 10% used [0x0000000701c00000,0x00000007028d16a8,0x0000000709c00000)
 Metaspace       used 16413K, capacity 16696K, committed 16896K, reserved 1064960K
  class space    used 1895K, capacity 1982K, committed 2048K, reserved 1048576K
}
Event: 7.919 GC heap before
{Heap before GC invocations=5 (full 0):
 PSYoungGen      total 57344K, used 57328K [0x0000000780980000, 0x0000000784980000, 0x00000007c0000000)
  eden space 49152K, 100% used [0x0000000780980000,0x0000000783980000,0x0000000783980000)
  from space 8192K, 99% used [0x0000000784180000,0x000000078497c050,0x0000000784980000)
  to   space 8192K, 0% used [0x0000000783980000,0x0000000783980000,0x0000000784180000)
 ParOldGen       total 131072K, used 13125K [0x0000000701c00000, 0x0000000709c00000, 0x0000000780980000)
  object space 131072K, 10% used [0x0000000701c00000,0x00000007028d16a8,0x0000000709c00000)
 Metaspace       used 17961K, capacity 18440K, committed 18560K, reserved 1064960K
  class space    used 2031K, capacity 2160K, committed 2176K, reserved 1048576K
Event: 7.937 GC heap after
Heap after GC invocations=5 (full 0):
 PSYoungGen      total 57344K, used 8176K [0x0000000780980000, 0x0000000784980000, 0x00000007c0000000)
  eden space 49152K, 0% used [0x0000000780980000,0x0000000780980000,0x0000000783980000)
  from space 8192K, 99% used [0x0000000783980000,0x000000078417c010,0x0000000784180000)
  to   space 8192K, 0% used [0x0000000784180000,0x0000000784180000,0x0000000784980000)
 ParOldGen       total 131072K, used 17664K [0x0000000701c00000, 0x0000000709c00000, 0x0000000780980000)
  object space 131072K, 13% used [0x0000000701c00000,0x0000000702d40340,0x0000000709c00000)
 Metaspace       used 17961K, capacity 18440K, committed 18560K, reserved 1064960K
  class space    used 2031K, capacity 2160K, committed 2176K, reserved 1048576K
}
Event: 9.032 GC heap before
{Heap before GC invocations=6 (full 0):
 PSYoungGen      total 57344K, used 57328K [0x0000000780980000, 0x0000000784980000, 0x00000007c0000000)
  eden space 49152K, 100% used [0x0000000780980000,0x0000000783980000,0x0000000783980000)
  from space 8192K, 99% used [0x0000000783980000,0x000000078417c010,0x0000000784180000)
  to   space 8192K, 0% used [0x0000000784180000,0x0000000784180000,0x0000000784980000)
 ParOldGen       total 131072K, used 17664K [0x0000000701c00000, 0x0000000709c00000, 0x0000000780980000)
  object space 131072K, 13% used [0x0000000701c00000,0x0000000702d40340,0x0000000709c00000)
 Metaspace       used 19192K, capacity 19754K, committed 19840K, reserved 1067008K
  class space    used 2223K, capacity 2403K, committed 2432K, reserved 1048576K
Event: 9.054 GC heap after
Heap after GC invocations=6 (full 0):
 PSYoungGen      total 57344K, used 8160K [0x0000000780980000, 0x0000000784980000, 0x00000007c0000000)
  eden space 49152K, 0% used [0x0000000780980000,0x0000000780980000,0x0000000783980000)
  from space 8192K, 99% used [0x0000000784180000,0x0000000784978020,0x0000000784980000)
  to   space 8192K, 0% used [0x0000000783980000,0x0000000783980000,0x0000000784180000)
 ParOldGen       total 131072K, used 20850K [0x0000000701c00000, 0x0000000709c00000, 0x0000000780980000)
  object space 131072K, 15% used [0x0000000701c00000,0x000000070305c9b0,0x0000000709c00000)
 Metaspace       used 19192K, capacity 19754K, committed 19840K, reserved 1067008K
  class space    used 2223K, capacity 2403K, committed 2432K, reserved 1048576K
}

