# JRE version: Java(TM) SE Runtime Environment (8.0_231-b11) (build 1.8.0_231-b11)
# Java VM: Java HotSpot(TM) 64-Bit Server VM (25.231-b11 mixed mode windows-amd64 compressed oops)
Heap:
 PSYoungGen      total 72704K, used 16379K [0x0000000780980000, 0x0000000785c80000, 0x00000007c0000000)
  eden space 64512K, 25% used [0x0000000780980000,0x000000078197ec10,0x0000000784880000)
  from space 8192K, 0% used [0x0000000785480000,0x0000000785480000,0x0000000785c80000)
  to   space 10240K, 0% used [0x0000000784880000,0x0000000784880000,0x0000000785280000)
 ParOldGen       total 86016K, used 15264K [0x0000000701c00000, 0x0000000707000000, 0x0000000780980000)
  object space 86016K, 17% used [0x0000000701c00000,0x0000000702ae8300,0x0000000707000000)
 Metaspace       used 35726K, capacity 37624K, committed 37760K, reserved 1083392K
  class space    used 5012K, capacity 5380K, committed 5504K, reserved 1048576K
GC Heap History (10 events):
Event: 8.859 GC heap before
{Heap before GC invocations=8 (full 1):
 PSYoungGen      total 54784K, used 51992K [0x0000000780980000, 0x0000000786480000, 0x00000007c0000000)
  eden space 46592K, 100% used [0x0000000780980000,0x0000000783700000,0x0000000783700000)
  from space 8192K, 65% used [0x0000000784180000,0x00000007846c61c8,0x0000000784980000)
  to   space 10752K, 0% used [0x0000000783700000,0x0000000783700000,0x0000000784180000)
 ParOldGen       total 86016K, used 10349K [0x0000000701c00000, 0x0000000707000000, 0x0000000780980000)
  object space 86016K, 12% used [0x0000000701c00000,0x000000070261b548,0x0000000707000000)
 Metaspace       used 27103K, capacity 28712K, committed 28928K, reserved 1075200K
  class space    used 3781K, capacity 4090K, committed 4096K, reserved 1048576K
Event: 8.868 GC heap after
Heap after GC invocations=8 (full 1):
 PSYoungGen      total 57344K, used 6057K [0x0000000780980000, 0x0000000785f00000, 0x00000007c0000000)
  eden space 46592K, 0% used [0x0000000780980000,0x0000000780980000,0x0000000783700000)
  from space 10752K, 56% used [0x0000000783700000,0x0000000783cea6c0,0x0000000784180000)
  to   space 10752K, 0% used [0x0000000785480000,0x0000000785480000,0x0000000785f00000)
 ParOldGen       total 86016K, used 10357K [0x0000000701c00000, 0x0000000707000000, 0x0000000780980000)
  object space 86016K, 12% used [0x0000000701c00000,0x000000070261d548,0x0000000707000000)
 Metaspace       used 27103K, capacity 28712K, committed 28928K, reserved 1075200K
  class space    used 3781K, capacity 4090K, committed 4096K, reserved 1048576K
}
Event: 11.824 GC heap before
{Heap before GC invocations=9 (full 1):
 PSYoungGen      total 57344K, used 52633K [0x0000000780980000, 0x0000000785f00000, 0x00000007c0000000)
  eden space 46592K, 99% used [0x0000000780980000,0x00000007836fbd80,0x0000000783700000)
  from space 10752K, 56% used [0x0000000783700000,0x0000000783cea6c0,0x0000000784180000)
  to   space 10752K, 0% used [0x0000000785480000,0x0000000785480000,0x0000000785f00000)
 ParOldGen       total 86016K, used 10357K [0x0000000701c00000, 0x0000000707000000, 0x0000000780980000)
  object space 86016K, 12% used [0x0000000701c00000,0x000000070261d548,0x0000000707000000)
 Metaspace       used 28895K, capacity 30604K, committed 30720K, reserved 1075200K
  class space    used 3960K, capacity 4288K, committed 4352K, reserved 1048576K
Event: 11.837 GC heap after
Heap after GC invocations=9 (full 1):
 PSYoungGen      total 72704K, used 6985K [0x0000000780980000, 0x0000000785c80000, 0x00000007c0000000)
  eden space 64512K, 0% used [0x0000000780980000,0x0000000780980000,0x0000000784880000)
  from space 8192K, 85% used [0x0000000785480000,0x0000000785b526e0,0x0000000785c80000)
  to   space 10240K, 0% used [0x0000000784880000,0x0000000784880000,0x0000000785280000)
 ParOldGen       total 86016K, used 10365K [0x0000000701c00000, 0x0000000707000000, 0x0000000780980000)
  object space 86016K, 12% used [0x0000000701c00000,0x000000070261f548,0x0000000707000000)
 Metaspace       used 28895K, capacity 30604K, committed 30720K, reserved 1075200K
  class space    used 3960K, capacity 4288K, committed 4352K, reserved 1048576K
}
Event: 14.108 GC heap before
{Heap before GC invocations=10 (full 1):
 PSYoungGen      total 72704K, used 71497K [0x0000000780980000, 0x0000000785c80000, 0x00000007c0000000)
  eden space 64512K, 100% used [0x0000000780980000,0x0000000784880000,0x0000000784880000)
  from space 8192K, 85% used [0x0000000785480000,0x0000000785b526e0,0x0000000785c80000)
  to   space 10240K, 0% used [0x0000000784880000,0x0000000784880000,0x0000000785280000)
 ParOldGen       total 86016K, used 10365K [0x0000000701c00000, 0x0000000707000000, 0x0000000780980000)
  object space 86016K, 12% used [0x0000000701c00000,0x000000070261f548,0x0000000707000000)
 Metaspace       used 32362K, capacity 34102K, committed 34304K, reserved 1079296K
  class space    used 4475K, capacity 4801K, committed 4864K, reserved 1048576K
Event: 14.135 GC heap after
Heap after GC invocations=10 (full 1):
 PSYoungGen      total 74752K, used 10228K [0x0000000780980000, 0x0000000785c80000, 0x00000007c0000000)
  eden space 64512K, 0% used [0x0000000780980000,0x0000000780980000,0x0000000784880000)
  from space 10240K, 99% used [0x0000000784880000,0x000000078527d2c0,0x0000000785280000)
  to   space 8192K, 0% used [0x0000000785480000,0x0000000785480000,0x0000000785c80000)
 ParOldGen       total 86016K, used 10651K [0x0000000701c00000, 0x0000000707000000, 0x0000000780980000)
  object space 86016K, 12% used [0x0000000701c00000,0x0000000702666c70,0x0000000707000000)
 Metaspace       used 32362K, capacity 34102K, committed 34304K, reserved 1079296K
  class space    used 4475K, capacity 4801K, committed 4864K, reserved 1048576K
}
Event: 14.644 GC heap before
{Heap before GC invocations=11 (full 1):
 PSYoungGen      total 74752K, used 21462K [0x0000000780980000, 0x0000000785c80000, 0x00000007c0000000)
  eden space 64512K, 17% used [0x0000000780980000,0x00000007814785c0,0x0000000784880000)
  from space 10240K, 99% used [0x0000000784880000,0x000000078527d2c0,0x0000000785280000)
  to   space 8192K, 0% used [0x0000000785480000,0x0000000785480000,0x0000000785c80000)
 ParOldGen       total 86016K, used 10651K [0x0000000701c00000, 0x0000000707000000, 0x0000000780980000)
  object space 86016K, 12% used [0x0000000701c00000,0x0000000702666c70,0x0000000707000000)
 Metaspace       used 33632K, capacity 35398K, committed 35496K, reserved 1079296K
  class space    used 4736K, capacity 5075K, committed 5120K, reserved 1048576K
Event: 14.661 GC heap after
Heap after GC invocations=11 (full 1):
 PSYoungGen      total 72704K, used 8188K [0x0000000780980000, 0x0000000785c80000, 0x00000007c0000000)
  eden space 64512K, 0% used [0x0000000780980000,0x0000000780980000,0x0000000784880000)
  from space 8192K, 99% used [0x0000000785480000,0x0000000785c7f248,0x0000000785c80000)
  to   space 10240K, 0% used [0x0000000784880000,0x0000000784880000,0x0000000785280000)
 ParOldGen       total 86016K, used 11332K [0x0000000701c00000, 0x0000000707000000, 0x0000000780980000)
  object space 86016K, 13% used [0x0000000701c00000,0x00000007027110f0,0x0000000707000000)
 Metaspace       used 33632K, capacity 35398K, committed 35496K, reserved 1079296K
  class space    used 4736K, capacity 5075K, committed 5120K, reserved 1048576K
}
Event: 14.661 GC heap before
{Heap before GC invocations=12 (full 2):
 PSYoungGen      total 72704K, used 8188K [0x0000000780980000, 0x0000000785c80000, 0x00000007c0000000)
  eden space 64512K, 0% used [0x0000000780980000,0x0000000780980000,0x0000000784880000)
  from space 8192K, 99% used [0x0000000785480000,0x0000000785c7f248,0x0000000785c80000)
  to   space 10240K, 0% used [0x0000000784880000,0x0000000784880000,0x0000000785280000)
 ParOldGen       total 86016K, used 11332K [0x0000000701c00000, 0x0000000707000000, 0x0000000780980000)
  object space 86016K, 13% used [0x0000000701c00000,0x00000007027110f0,0x0000000707000000)
 Metaspace       used 33632K, capacity 35398K, committed 35496K, reserved 1079296K
  class space    used 4736K, capacity 5075K, committed 5120K, reserved 1048576K
Event: 14.813 GC heap after
Heap after GC invocations=12 (full 2):
 PSYoungGen      total 72704K, used 0K [0x0000000780980000, 0x0000000785c80000, 0x00000007c0000000)
  eden space 64512K, 0% used [0x0000000780980000,0x0000000780980000,0x0000000784880000)
  from space 8192K, 0% used [0x0000000785480000,0x0000000785480000,0x0000000785c80000)
  to   space 10240K, 0% used [0x0000000784880000,0x0000000784880000,0x0000000785280000)
 ParOldGen       total 86016K, used 15264K [0x0000000701c00000, 0x0000000707000000, 0x0000000780980000)
  object space 86016K, 17% used [0x0000000701c00000,0x0000000702ae8300,0x0000000707000000)
 Metaspace       used 33632K, capacity 35398K, committed 35496K, reserved 1079296K
  class space    used 4736K, capacity 5075K, committed 5120K, reserved 1048576K
}

